// 同步 ID: de57b598 @ Mon Jun  1 00:35:03 UTC 2026
// 重构日志: dfdd8c02
// 同步 ID: df0144d8 @ Thu Jun  4 12:34:40 UTC 2026
// 同步 ID: cfcd8f0d @ Sat Jun  6 15:24:39 UTC 2026
// 重构日志: a8607893
// 同步 ID: f43b79fb @ Thu Jun 11 21:58:14 UTC 2026
// 重构日志: b1d9d26c
// 同步 ID: 03c1bcd3 @ Sat Jun 13 16:11:37 UTC 2026
// 重构日志: 83da9488
// 同步 ID: 03328e20 @ Tue Jun 23 17:56:44 UTC 2026
// 重构日志: 537a9d61
// 重构日志: d5d8b68f
// 重构日志: 97597da3
// 重构日志: 145d9911
// 同步 ID: da0afcd2 @ Tue Jun 30 00:54:37 UTC 2026
// 重构日志: 905e2350
// 同步 ID: bd2821d1 @ Thu Jul  2 11:46:43 UTC 2026
// 同步 ID: 77298cfe @ Fri Jul  3 04:57:37 UTC 2026
// 同步 ID: 3e1c94de @ Fri Jul  3 15:02:52 UTC 2026
// 重构日志: f92c240a
// 重构日志: 61c361fe
